\BOOKMARK [1][-]{section.1}{\376\377\000I\000n\000t\000r\000o\000d\000u\000c\000t\000i\000o\000n}{}% 1
\BOOKMARK [1][-]{section.2}{\376\377\000B\000a\000c\000k\000g\000r\000o\000u\000n\000d}{}% 2
\BOOKMARK [2][-]{subsection.2.1}{\376\377\000H\000i\000g\000h\000-\000l\000e\000v\000e\000l\000\040\000s\000t\000r\000u\000c\000t\000u\000r\000e\000\040\000o\000f\000\040\000G\000N\000S\000S\000-\000S\000D\000R}{section.2}% 3
\BOOKMARK [2][-]{subsection.2.2}{\376\377\000R\000e\000t\000r\000i\000e\000v\000i\000n\000g\000\040\000t\000h\000e\000\040\000f\000e\000a\000t\000u\000r\000e\000s\000\040\000f\000o\000r\000\040\000t\000h\000e\000\040\000c\000l\000a\000s\000s\000i\000f\000i\000e\000r}{section.2}% 4
\BOOKMARK [2][-]{subsection.2.3}{\376\377\000T\000h\000e\000\040\000C\0004\000.\0005\000\040\000d\000e\000c\000i\000s\000i\000o\000n\000\040\000t\000r\000e\000e\000\040\000a\000l\000g\000o\000r\000i\000t\000h\000m}{section.2}% 5
\BOOKMARK [3][-]{subsubsection.2.3.1}{\376\377\000A\000b\000o\000u\000t\000\040\000d\000e\000c\000i\000s\000i\000o\000n\000\040\000t\000r\000e\000e\000s}{subsection.2.3}% 6
\BOOKMARK [3][-]{subsubsection.2.3.2}{\376\377\000C\000o\000n\000c\000e\000p\000t\000s\000\040\000f\000r\000o\000m\000\040\000i\000n\000f\000o\000r\000m\000a\000t\000i\000o\000n\000\040\000t\000h\000e\000o\000r\000y}{subsection.2.3}% 7
\BOOKMARK [3][-]{subsubsection.2.3.3}{\376\377\000S\000t\000e\000p\000s\000\040\000o\000f\000\040\000t\000h\000e\000\040\000a\000l\000g\000o\000r\000i\000t\000h\000m}{subsection.2.3}% 8
\BOOKMARK [2][-]{subsection.2.4}{\376\377\000T\000h\000e\000\040\000T\000E\000X\000B\000A\000T\000\040\000d\000a\000t\000a\000\040\000s\000e\000t}{section.2}% 9
\BOOKMARK [1][-]{section.3}{\376\377\000A\000p\000p\000r\000o\000a\000c\000h}{}% 10
\BOOKMARK [2][-]{subsection.3.1}{\376\377\000G\000e\000n\000e\000r\000a\000l\000\040\000o\000u\000t\000l\000i\000n\000e}{section.3}% 11
\BOOKMARK [2][-]{subsection.3.2}{\376\377\000F\000e\000a\000t\000u\000r\000e\000\040\000r\000e\000t\000r\000i\000e\000v\000a\000l}{section.3}% 12
\BOOKMARK [2][-]{subsection.3.3}{\376\377\000B\000u\000i\000l\000d\000i\000n\000g\000\040\000t\000h\000e\000\040\000C\0004\000.\0005\000\040\000d\000e\000c\000i\000s\000i\000o\000n\000\040\000t\000r\000e\000e}{section.3}% 13
\BOOKMARK [2][-]{subsection.3.4}{\376\377\000C\000r\000e\000a\000t\000e\000\040\000a\000n\000d\000\040\000i\000n\000t\000e\000g\000r\000a\000t\000e\000\040\000t\000h\000e\000\040\000c\000l\000a\000s\000s\000i\000f\000i\000e\000r}{section.3}% 14
\BOOKMARK [2][-]{subsection.3.5}{\376\377\000V\000a\000l\000i\000d\000a\000t\000i\000o\000n\000\040\000a\000n\000d\000\040\000t\000e\000s\000t\000i\000n\000g}{section.3}% 15
\BOOKMARK [1][-]{section.4}{\376\377\000I\000m\000p\000l\000e\000m\000e\000n\000t\000a\000t\000i\000o\000n}{}% 16
\BOOKMARK [2][-]{subsection.4.1}{\376\377\000M\000a\000k\000i\000n\000g\000\040\000t\000h\000e\000\040\000f\000e\000a\000t\000u\000r\000e\000s\000\040\000a\000v\000a\000i\000l\000a\000b\000l\000e\000\040\000a\000t\000\040\000t\000h\000e\000\040\000P\000V\000T\000\040\000l\000e\000v\000e\000l\000\040\000o\000f\000\040\000G\000N\000S\000S\000-\000S\000D\000R\000.}{section.4}% 17
\BOOKMARK [3][-]{subsubsection.4.1.1}{\376\377\000P\000r\000o\000p\000a\000g\000a\000t\000i\000n\000g\000\040\000t\000h\000e\000\040\000r\000a\000w\000\040\000s\000i\000g\000n\000a\000l\000\040\000a\000m\000p\000l\000i\000t\000u\000d\000e\000\040\000i\000n\000f\000o\000r\000m\000a\000t\000i\000o\000n\000\040\000f\000r\000o\000m\000\040\000a\000c\000q\000u\000i\000s\000i\000t\000i\000o\000n\000\040\000t\000o\000\040\000P\000V\000T}{subsection.4.1}% 18
\BOOKMARK [2][-]{subsection.4.2}{\376\377\000T\000r\000e\000e\000\040\000c\000o\000n\000s\000t\000r\000u\000c\000t\000i\000o\000n}{section.4}% 19
\BOOKMARK [3][-]{subsubsection.4.2.1}{\376\377\000D\000i\000f\000f\000e\000r\000e\000n\000c\000e\000s\000\040\000w\000i\000t\000h\000\040\000r\000e\000s\000p\000e\000c\000t\000\040\000t\000o\000\040\000t\000h\000e\000\040\000o\000r\000i\000g\000i\000n\000a\000l\000\040\000C\0004\000.\0005\000\040\000a\000l\000g\000o\000r\000i\000t\000h\000m}{subsection.4.2}% 20
\BOOKMARK [2][-]{subsection.4.3}{\376\377\000C\000l\000a\000s\000s\000i\000f\000i\000e\000r\000\040\000c\000o\000n\000s\000t\000r\000u\000c\000t\000i\000o\000n}{section.4}% 21
\BOOKMARK [3][-]{subsubsection.4.3.1}{\376\377\000T\000r\000a\000i\000n\000i\000n\000g\000\040\000a\000n\000d\000\040\000t\000e\000s\000t\000i\000n\000g\000\040\000o\000n\000\040\000t\000h\000e\000\040\000p\000r\000o\000v\000i\000d\000e\000d\000\040\000c\000s\000v\000\040\000f\000i\000l\000e\000s}{subsection.4.3}% 22
\BOOKMARK [2][-]{subsection.4.4}{\376\377\000I\000n\000t\000e\000g\000r\000a\000t\000i\000o\000n\000\040\000i\000n\000t\000o\000\040\000G\000S\000S\000-\000S\000D\000R}{section.4}% 23
\BOOKMARK [3][-]{subsubsection.4.4.1}{\376\377\000T\000e\000s\000t\000i\000n\000g\000\040\000o\000n\000\040\000T\000E\000X\000B\000A\000T\000\040\000d\000a\000t\000a}{subsection.4.4}% 24
\BOOKMARK [1][-]{section.5}{\376\377\000E\000v\000a\000l\000u\000a\000t\000i\000o\000n}{}% 25
\BOOKMARK [2][-]{subsection.5.1}{\376\377\000R\000e\000s\000u\000l\000t\000s}{section.5}% 26
\BOOKMARK [1][-]{section.6}{\376\377\000F\000u\000t\000u\000r\000e\000\040\000w\000o\000r\000k}{}% 27
\BOOKMARK [1][-]{section.7}{\376\377\000S\000u\000m\000m\000a\000r\000y}{}% 28
